0 info it worked if it ends with ok
1 verbose cli [ '/usr/local/bin/node',
1 verbose cli   '/usr/local/bin/npm',
1 verbose cli   'run',
1 verbose cli   'build:es2015:watch' ]
2 info using npm@3.10.10
3 info using node@v6.10.3
4 verbose run-script [ 'prebuild:es2015:watch',
4 verbose run-script   'build:es2015:watch',
4 verbose run-script   'postbuild:es2015:watch' ]
5 info lifecycle FINAL_PROJECT@1.0.0~prebuild:es2015:watch: FINAL_PROJECT@1.0.0
6 silly lifecycle FINAL_PROJECT@1.0.0~prebuild:es2015:watch: no script for prebuild:es2015:watch, continuing
7 info lifecycle FINAL_PROJECT@1.0.0~build:es2015:watch: FINAL_PROJECT@1.0.0
8 verbose lifecycle FINAL_PROJECT@1.0.0~build:es2015:watch: unsafe-perm in lifecycle true
9 verbose lifecycle FINAL_PROJECT@1.0.0~build:es2015:watch: PATH: /usr/local/lib/node_modules/npm/bin/node-gyp-bin:/Users/Nuria/Desktop/skylab/enculturapp/node_modules/.bin:/usr/local/bin:/usr/bin:/bin:/usr/sbin:/sbin
10 verbose lifecycle FINAL_PROJECT@1.0.0~build:es2015:watch: CWD: /Users/Nuria/Desktop/skylab/enculturapp
11 silly lifecycle FINAL_PROJECT@1.0.0~build:es2015:watch: Args: [ '-c',
11 silly lifecycle   'watchify src/js/app.js -t babelify -t scssify -o client/app.js -v' ]
12 silly lifecycle FINAL_PROJECT@1.0.0~build:es2015:watch: Returned: code: 1  signal: null
13 info lifecycle FINAL_PROJECT@1.0.0~build:es2015:watch: Failed to exec build:es2015:watch script
14 verbose stack Error: FINAL_PROJECT@1.0.0 build:es2015:watch: `watchify src/js/app.js -t babelify -t scssify -o client/app.js -v`
14 verbose stack Exit status 1
14 verbose stack     at EventEmitter.<anonymous> (/usr/local/lib/node_modules/npm/lib/utils/lifecycle.js:255:16)
14 verbose stack     at emitTwo (events.js:106:13)
14 verbose stack     at EventEmitter.emit (events.js:191:7)
14 verbose stack     at ChildProcess.<anonymous> (/usr/local/lib/node_modules/npm/lib/utils/spawn.js:40:14)
14 verbose stack     at emitTwo (events.js:106:13)
14 verbose stack     at ChildProcess.emit (events.js:191:7)
14 verbose stack     at maybeClose (internal/child_process.js:886:16)
14 verbose stack     at Process.ChildProcess._handle.onexit (internal/child_process.js:226:5)
15 verbose pkgid FINAL_PROJECT@1.0.0
16 verbose cwd /Users/Nuria/Desktop/skylab/enculturapp
17 error Darwin 15.5.0
18 error argv "/usr/local/bin/node" "/usr/local/bin/npm" "run" "build:es2015:watch"
19 error node v6.10.3
20 error npm  v3.10.10
21 error code ELIFECYCLE
22 error FINAL_PROJECT@1.0.0 build:es2015:watch: `watchify src/js/app.js -t babelify -t scssify -o client/app.js -v`
22 error Exit status 1
23 error Failed at the FINAL_PROJECT@1.0.0 build:es2015:watch script 'watchify src/js/app.js -t babelify -t scssify -o client/app.js -v'.
23 error Make sure you have the latest version of node.js and npm installed.
23 error If you do, this is most likely a problem with the FINAL_PROJECT package,
23 error not with npm itself.
23 error Tell the author that this fails on your system:
23 error     watchify src/js/app.js -t babelify -t scssify -o client/app.js -v
23 error You can get information on how to open an issue for this project with:
23 error     npm bugs FINAL_PROJECT
23 error Or if that isn't available, you can get their info via:
23 error     npm owner ls FINAL_PROJECT
23 error There is likely additional logging output above.
24 verbose exit [ 1, true ]
